DEPRECATION WARNING: You didn't set `secret_key_base`. Read the upgrade documentation to learn more about this new config option. (called from env_config at /home/aish/.rvm/gems/ruby-2.4.0/gems/railties-5.1.2/lib/rails/application.rb:247)
Started POST "/mail" for 127.0.0.1 at 2017-08-08 13:22:01 +0530
Processing by MailController#create as */*
  Parameters: {"email"=>"aishwary.athlete@gmail.com", "refresh_token"=>"2323", "oauth_token"=>"ya29.GluVBKRN8lEDTtB35h7ZlWzOsiTNyA62xFJeDiBjWVlRHKEHDDaOn4cisnwxLqaU0HgJqdwE9yYmZ5YhsQ_3Zg4C33L_cTG9MmN9H-W-STz91z_OWYl_ZolsKRoX", "to"=>"aishwary.athlete@gmail.com", "body"=>"fsdnfd", "oauth_expired_at"=>"21/5/17", "subject"=>"dff e3e", "uid"=>"55521", "name"=>"sdffdffd"}
Unpermitted parameter: :oauth_expired_at
Completed 500 Internal Server Error in 143ms (ActiveRecord: 1.3ms)


  
ActiveRecord::StatementInvalid (Could not find table 'users'):
  
app/controllers/mail_controller.rb:10:in `create'
  [1m[35m (0.1ms)[0m  [1m[34mSELECT sqlite_version(*)[0m
  [1m[35m (111.1ms)[0m  [1m[35mCREATE TABLE "schema_migrations" ("version" varchar NOT NULL PRIMARY KEY)[0m
  [1m[35m (136.8ms)[0m  [1m[35mCREATE TABLE "ar_internal_metadata" ("key" varchar NOT NULL PRIMARY KEY, "value" varchar, "created_at" datetime NOT NULL, "updated_at" datetime NOT NULL)[0m
  [1m[35m (0.6ms)[0m  [1m[34mSELECT "schema_migrations"."version" FROM "schema_migrations" ORDER BY "schema_migrations"."version" ASC[0m
Migrating to CreateUsers (20170724160213)
  [1m[35m (0.3ms)[0m  [1m[36mbegin transaction[0m
  [1m[35m (0.5ms)[0m  [1m[35mCREATE TABLE "users" ("id" INTEGER PRIMARY KEY AUTOINCREMENT NOT NULL, "uid" varchar, "name" varchar, "email" varchar, "refresh_token" varchar, "oauth_token" varchar, "to" varchar, "body" varchar, "subject" varchar, "oauth_expires_at" datetime, "created_at" datetime NOT NULL, "updated_at" datetime NOT NULL)[0m
  [1m[35mSQL (0.2ms)[0m  [1m[32mINSERT INTO "schema_migrations" ("version") VALUES (?)[0m  [["version", "20170724160213"]]
  [1m[35m (132.4ms)[0m  [1m[36mcommit transaction[0m
  [1m[36mActiveRecord::InternalMetadata Load (0.6ms)[0m  [1m[34mSELECT  "ar_internal_metadata".* FROM "ar_internal_metadata" WHERE "ar_internal_metadata"."key" = ? LIMIT ?[0m  [["key", "environment"], ["LIMIT", 1]]
  [1m[35m (0.2ms)[0m  [1m[36mbegin transaction[0m
  [1m[35mSQL (0.8ms)[0m  [1m[32mINSERT INTO "ar_internal_metadata" ("key", "value", "created_at", "updated_at") VALUES (?, ?, ?, ?)[0m  [["key", "environment"], ["value", "development"], ["created_at", "2017-08-08 07:52:29.135172"], ["updated_at", "2017-08-08 07:52:29.135172"]]
  [1m[35m (105.7ms)[0m  [1m[36mcommit transaction[0m
  [1m[35m (0.5ms)[0m  [1m[34mSELECT "schema_migrations"."version" FROM "schema_migrations" ORDER BY "schema_migrations"."version" ASC[0m
DEPRECATION WARNING: You didn't set `secret_key_base`. Read the upgrade documentation to learn more about this new config option. (called from env_config at /home/aish/.rvm/gems/ruby-2.4.0/gems/railties-5.1.2/lib/rails/application.rb:247)
Started POST "/mail" for 127.0.0.1 at 2017-08-08 13:22:36 +0530
Processing by MailController#create as */*
  Parameters: {"email"=>"aishwary.athlete@gmail.com", "refresh_token"=>"2323", "oauth_token"=>"ya29.GluVBKRN8lEDTtB35h7ZlWzOsiTNyA62xFJeDiBjWVlRHKEHDDaOn4cisnwxLqaU0HgJqdwE9yYmZ5YhsQ_3Zg4C33L_cTG9MmN9H-W-STz91z_OWYl_ZolsKRoX", "to"=>"aishwary.athlete@gmail.com", "body"=>"fsdnfd", "oauth_expired_at"=>"21/5/17", "subject"=>"dff e3e", "uid"=>"55521", "name"=>"sdffdffd"}
Unpermitted parameter: :oauth_expired_at
  [1m[35m (0.1ms)[0m  [1m[36mbegin transaction[0m
  [1m[35mSQL (0.5ms)[0m  [1m[32mINSERT INTO "users" ("uid", "name", "email", "refresh_token", "oauth_token", "to", "body", "subject", "created_at", "updated_at") VALUES (?, ?, ?, ?, ?, ?, ?, ?, ?, ?)[0m  [["uid", "55521"], ["name", "sdffdffd"], ["email", "aishwary.athlete@gmail.com"], ["refresh_token", "2323"], ["oauth_token", "ya29.GluVBKRN8lEDTtB35h7ZlWzOsiTNyA62xFJeDiBjWVlRHKEHDDaOn4cisnwxLqaU0HgJqdwE9yYmZ5YhsQ_3Zg4C33L_cTG9MmN9H-W-STz91z_OWYl_ZolsKRoX"], ["to", "aishwary.athlete@gmail.com"], ["body", "fsdnfd"], ["subject", "dff e3e"], ["created_at", "2017-08-08 07:52:36.300926"], ["updated_at", "2017-08-08 07:52:36.300926"]]
  [1m[35m (112.3ms)[0m  [1m[36mcommit transaction[0m
Completed 201 Created in 280ms (Views: 0.7ms | ActiveRecord: 114.9ms)


DEPRECATION WARNING: You didn't set `secret_key_base`. Read the upgrade documentation to learn more about this new config option. (called from env_config at /home/aish/.rvm/gems/ruby-2.4.0/gems/railties-5.1.2/lib/rails/application.rb:247)
Started POST "/mail" for 112.196.159.155 at 2017-08-08 13:32:56 +0530
Processing by MailController#create as HTML
  Parameters: {"email"=>"mayank.chandel@untroddenlabs.com", "id_token"=>"eyJhbGciOiJSUzI1NiIsImtpZCI6IjVlYTZiNzAzYjYzOTVmYzJlNWJkNmUzY2EwZjhiMzcxYTE0ODU5YjMifQ.eyJhenAiOiIxMDU4MzM5MTgwNTgxLWV0MWszdTgxbGw2amk4cTI3YnMzcTc3N3UxZG84dGRjLmFwcHMuZ29vZ2xldXNlcmNvbnRlbnQuY29tIiwiYXVkIjoiMTA1ODMzOTE4MDU4MS1ldDFrM3U4MWxsNmppOHEyN2JzM3E3Nzd1MWRvOHRkYy5hcHBzLmdvb2dsZXVzZXJjb250ZW50LmNvbSIsInN1YiI6IjEwMjE2NzAyNjUwNzM2OTc3MjE4MSIsImhkIjoidW50cm9kZGVubGFicy5jb20iLCJlbWFpbCI6Im1heWFuay5jaGFuZGVsQHVudHJvZGRlbmxhYnMuY29tIiwiZW1haWxfdmVyaWZpZWQiOnRydWUsImF0X2hhc2giOiJzUUhhUXdDVk1ycHdWTlROQkMzUk13IiwiaXNzIjoiYWNjb3VudHMuZ29vZ2xlLmNvbSIsImlhdCI6MTUwMjEwNTAzNiwiZXhwIjoxNTAyMTA4NjM2LCJuYW1lIjoibWF5YW5rIGNoYW5kZWwiLCJwaWN0dXJlIjoiaHR0cHM6Ly9saDQuZ29vZ2xldXNlcmNvbnRlbnQuY29tLy1NS1k1cllqYzhYVS9BQUFBQUFBQUFBSS9BQUFBQUFBQUFBQS9BTXA1VlVyOEpELVFaT1pKamgyb0ZSeHlYXzNKODdQZVpRL3M5Ni1jL3Bob3RvLmpwZyIsImdpdmVuX25hbWUiOiJtYXlhbmsiLCJmYW1pbHlfbmFtZSI6ImNoYW5kZWwiLCJsb2NhbGUiOiJlbiJ9.NGJUixEFj-pwjhNQI4Cno9xE3jYQUc2psG7L-cbsyGomeKq9RN5YVa2E-iIEK4hn77QzNN42ONVAyvF_xA_ZZctKjAOsAZ1L2xAdMo8t1hAt3XhmoK1mUeXFvDw89_QEQcuCIGZ1Rp3J9wd7nC6_V4f0i2pqm2emlDT9IBidoHZYhC1lDVINZDrx7DmikaWsIi7sSM3jpXxzki5E_1bfb1OyRa-dD91F_7fBVLvzqIF26ifyWLruIFQGwp38PURSvFfioY6nr1rcwsQxCVN1evh0juctTqn9RhqO6esIPrvtUhDjXYAOo9pNdLsnsU3WDfTkiXJBDU6Ve4tdRk0uSw", "name"=>"mayank chandel", "provider"=>"google", "provider_id"=>"102167026507369772181", "token_type"=>"Bearer", "expires_at"=>"1502108636696", "expires_in"=>"3600", "display_name"=>"mayank", "access_token"=>"ya29.GlugBEKmAE5OURng_hsx3hsIdrQNjN1LBLz1c6pwripYUrRGDfJt-Ofgncw8lUmeXC1KwuXpYRLQy6Z68y1ZNH0DzpfA8KU8liuCbg9HAvtcv5jZY4VCjF_Dq06F", "photo_url"=>"https://lh4.googleusercontent.com/-MKY5rYjc8XU/AAAAAAAAAAI/AAAAAAAAAAA/AMp5VUr8JD-QZOZJjh2oFRxyX_3J87PeZQ/s96-c/photo.jpg", "email_to"=>"aishwary.athlete@gmail.com", "body"=>"Hitt this mail", "subject"=>"This is test mail", "mail"=>{"email"=>"mayank.chandel@untroddenlabs.com", "id_token"=>"eyJhbGciOiJSUzI1NiIsImtpZCI6IjVlYTZiNzAzYjYzOTVmYzJlNWJkNmUzY2EwZjhiMzcxYTE0ODU5YjMifQ.eyJhenAiOiIxMDU4MzM5MTgwNTgxLWV0MWszdTgxbGw2amk4cTI3YnMzcTc3N3UxZG84dGRjLmFwcHMuZ29vZ2xldXNlcmNvbnRlbnQuY29tIiwiYXVkIjoiMTA1ODMzOTE4MDU4MS1ldDFrM3U4MWxsNmppOHEyN2JzM3E3Nzd1MWRvOHRkYy5hcHBzLmdvb2dsZXVzZXJjb250ZW50LmNvbSIsInN1YiI6IjEwMjE2NzAyNjUwNzM2OTc3MjE4MSIsImhkIjoidW50cm9kZGVubGFicy5jb20iLCJlbWFpbCI6Im1heWFuay5jaGFuZGVsQHVudHJvZGRlbmxhYnMuY29tIiwiZW1haWxfdmVyaWZpZWQiOnRydWUsImF0X2hhc2giOiJzUUhhUXdDVk1ycHdWTlROQkMzUk13IiwiaXNzIjoiYWNjb3VudHMuZ29vZ2xlLmNvbSIsImlhdCI6MTUwMjEwNTAzNiwiZXhwIjoxNTAyMTA4NjM2LCJuYW1lIjoibWF5YW5rIGNoYW5kZWwiLCJwaWN0dXJlIjoiaHR0cHM6Ly9saDQuZ29vZ2xldXNlcmNvbnRlbnQuY29tLy1NS1k1cllqYzhYVS9BQUFBQUFBQUFBSS9BQUFBQUFBQUFBQS9BTXA1VlVyOEpELVFaT1pKamgyb0ZSeHlYXzNKODdQZVpRL3M5Ni1jL3Bob3RvLmpwZyIsImdpdmVuX25hbWUiOiJtYXlhbmsiLCJmYW1pbHlfbmFtZSI6ImNoYW5kZWwiLCJsb2NhbGUiOiJlbiJ9.NGJUixEFj-pwjhNQI4Cno9xE3jYQUc2psG7L-cbsyGomeKq9RN5YVa2E-iIEK4hn77QzNN42ONVAyvF_xA_ZZctKjAOsAZ1L2xAdMo8t1hAt3XhmoK1mUeXFvDw89_QEQcuCIGZ1Rp3J9wd7nC6_V4f0i2pqm2emlDT9IBidoHZYhC1lDVINZDrx7DmikaWsIi7sSM3jpXxzki5E_1bfb1OyRa-dD91F_7fBVLvzqIF26ifyWLruIFQGwp38PURSvFfioY6nr1rcwsQxCVN1evh0juctTqn9RhqO6esIPrvtUhDjXYAOo9pNdLsnsU3WDfTkiXJBDU6Ve4tdRk0uSw", "name"=>"mayank chandel", "provider"=>"google", "provider_id"=>"102167026507369772181", "token_type"=>"Bearer", "expires_at"=>"1502108636696", "expires_in"=>"3600", "display_name"=>"mayank", "access_token"=>"ya29.GlugBEKmAE5OURng_hsx3hsIdrQNjN1LBLz1c6pwripYUrRGDfJt-Ofgncw8lUmeXC1KwuXpYRLQy6Z68y1ZNH0DzpfA8KU8liuCbg9HAvtcv5jZY4VCjF_Dq06F", "photo_url"=>"https://lh4.googleusercontent.com/-MKY5rYjc8XU/AAAAAAAAAAI/AAAAAAAAAAA/AMp5VUr8JD-QZOZJjh2oFRxyX_3J87PeZQ/s96-c/photo.jpg", "email_to"=>"aishwary.athlete@gmail.com", "body"=>"Hitt this mail", "subject"=>"This is test mail"}}
Unpermitted parameters: :id_token, :provider, :provider_id, :token_type, :expires_at, :expires_in, :display_name, :access_token, :photo_url, :email_to, :mail
  [1m[35m (0.1ms)[0m  [1m[36mbegin transaction[0m
  [1m[35mSQL (0.3ms)[0m  [1m[32mINSERT INTO "users" ("name", "email", "body", "subject", "created_at", "updated_at") VALUES (?, ?, ?, ?, ?, ?)[0m  [["name", "mayank chandel"], ["email", "mayank.chandel@untroddenlabs.com"], ["body", "Hitt this mail"], ["subject", "This is test mail"], ["created_at", "2017-08-08 08:02:56.967879"], ["updated_at", "2017-08-08 08:02:56.967879"]]
  [1m[35m (201.7ms)[0m  [1m[36mcommit transaction[0m
Completed 201 Created in 369ms (Views: 2.6ms | ActiveRecord: 204.0ms)


Started POST "/mail" for 112.196.159.155 at 2017-08-08 13:32:59 +0530
Processing by MailController#create as HTML
  Parameters: {"email"=>"mayank.chandel@untroddenlabs.com", "id_token"=>"eyJhbGciOiJSUzI1NiIsImtpZCI6IjVlYTZiNzAzYjYzOTVmYzJlNWJkNmUzY2EwZjhiMzcxYTE0ODU5YjMifQ.eyJhenAiOiIxMDU4MzM5MTgwNTgxLWV0MWszdTgxbGw2amk4cTI3YnMzcTc3N3UxZG84dGRjLmFwcHMuZ29vZ2xldXNlcmNvbnRlbnQuY29tIiwiYXVkIjoiMTA1ODMzOTE4MDU4MS1ldDFrM3U4MWxsNmppOHEyN2JzM3E3Nzd1MWRvOHRkYy5hcHBzLmdvb2dsZXVzZXJjb250ZW50LmNvbSIsInN1YiI6IjEwMjE2NzAyNjUwNzM2OTc3MjE4MSIsImhkIjoidW50cm9kZGVubGFicy5jb20iLCJlbWFpbCI6Im1heWFuay5jaGFuZGVsQHVudHJvZGRlbmxhYnMuY29tIiwiZW1haWxfdmVyaWZpZWQiOnRydWUsImF0X2hhc2giOiJzUUhhUXdDVk1ycHdWTlROQkMzUk13IiwiaXNzIjoiYWNjb3VudHMuZ29vZ2xlLmNvbSIsImlhdCI6MTUwMjEwNTAzNiwiZXhwIjoxNTAyMTA4NjM2LCJuYW1lIjoibWF5YW5rIGNoYW5kZWwiLCJwaWN0dXJlIjoiaHR0cHM6Ly9saDQuZ29vZ2xldXNlcmNvbnRlbnQuY29tLy1NS1k1cllqYzhYVS9BQUFBQUFBQUFBSS9BQUFBQUFBQUFBQS9BTXA1VlVyOEpELVFaT1pKamgyb0ZSeHlYXzNKODdQZVpRL3M5Ni1jL3Bob3RvLmpwZyIsImdpdmVuX25hbWUiOiJtYXlhbmsiLCJmYW1pbHlfbmFtZSI6ImNoYW5kZWwiLCJsb2NhbGUiOiJlbiJ9.NGJUixEFj-pwjhNQI4Cno9xE3jYQUc2psG7L-cbsyGomeKq9RN5YVa2E-iIEK4hn77QzNN42ONVAyvF_xA_ZZctKjAOsAZ1L2xAdMo8t1hAt3XhmoK1mUeXFvDw89_QEQcuCIGZ1Rp3J9wd7nC6_V4f0i2pqm2emlDT9IBidoHZYhC1lDVINZDrx7DmikaWsIi7sSM3jpXxzki5E_1bfb1OyRa-dD91F_7fBVLvzqIF26ifyWLruIFQGwp38PURSvFfioY6nr1rcwsQxCVN1evh0juctTqn9RhqO6esIPrvtUhDjXYAOo9pNdLsnsU3WDfTkiXJBDU6Ve4tdRk0uSw", "name"=>"mayank chandel", "provider"=>"google", "provider_id"=>"102167026507369772181", "token_type"=>"Bearer", "expires_at"=>"1502108636696", "expires_in"=>"3600", "display_name"=>"mayank", "access_token"=>"ya29.GlugBEKmAE5OURng_hsx3hsIdrQNjN1LBLz1c6pwripYUrRGDfJt-Ofgncw8lUmeXC1KwuXpYRLQy6Z68y1ZNH0DzpfA8KU8liuCbg9HAvtcv5jZY4VCjF_Dq06F", "photo_url"=>"https://lh4.googleusercontent.com/-MKY5rYjc8XU/AAAAAAAAAAI/AAAAAAAAAAA/AMp5VUr8JD-QZOZJjh2oFRxyX_3J87PeZQ/s96-c/photo.jpg", "email_to"=>"aishwary.athlete@gmail.com", "body"=>"Hitt this mail", "subject"=>"This is test mail", "mail"=>{"email"=>"mayank.chandel@untroddenlabs.com", "id_token"=>"eyJhbGciOiJSUzI1NiIsImtpZCI6IjVlYTZiNzAzYjYzOTVmYzJlNWJkNmUzY2EwZjhiMzcxYTE0ODU5YjMifQ.eyJhenAiOiIxMDU4MzM5MTgwNTgxLWV0MWszdTgxbGw2amk4cTI3YnMzcTc3N3UxZG84dGRjLmFwcHMuZ29vZ2xldXNlcmNvbnRlbnQuY29tIiwiYXVkIjoiMTA1ODMzOTE4MDU4MS1ldDFrM3U4MWxsNmppOHEyN2JzM3E3Nzd1MWRvOHRkYy5hcHBzLmdvb2dsZXVzZXJjb250ZW50LmNvbSIsInN1YiI6IjEwMjE2NzAyNjUwNzM2OTc3MjE4MSIsImhkIjoidW50cm9kZGVubGFicy5jb20iLCJlbWFpbCI6Im1heWFuay5jaGFuZGVsQHVudHJvZGRlbmxhYnMuY29tIiwiZW1haWxfdmVyaWZpZWQiOnRydWUsImF0X2hhc2giOiJzUUhhUXdDVk1ycHdWTlROQkMzUk13IiwiaXNzIjoiYWNjb3VudHMuZ29vZ2xlLmNvbSIsImlhdCI6MTUwMjEwNTAzNiwiZXhwIjoxNTAyMTA4NjM2LCJuYW1lIjoibWF5YW5rIGNoYW5kZWwiLCJwaWN0dXJlIjoiaHR0cHM6Ly9saDQuZ29vZ2xldXNlcmNvbnRlbnQuY29tLy1NS1k1cllqYzhYVS9BQUFBQUFBQUFBSS9BQUFBQUFBQUFBQS9BTXA1VlVyOEpELVFaT1pKamgyb0ZSeHlYXzNKODdQZVpRL3M5Ni1jL3Bob3RvLmpwZyIsImdpdmVuX25hbWUiOiJtYXlhbmsiLCJmYW1pbHlfbmFtZSI6ImNoYW5kZWwiLCJsb2NhbGUiOiJlbiJ9.NGJUixEFj-pwjhNQI4Cno9xE3jYQUc2psG7L-cbsyGomeKq9RN5YVa2E-iIEK4hn77QzNN42ONVAyvF_xA_ZZctKjAOsAZ1L2xAdMo8t1hAt3XhmoK1mUeXFvDw89_QEQcuCIGZ1Rp3J9wd7nC6_V4f0i2pqm2emlDT9IBidoHZYhC1lDVINZDrx7DmikaWsIi7sSM3jpXxzki5E_1bfb1OyRa-dD91F_7fBVLvzqIF26ifyWLruIFQGwp38PURSvFfioY6nr1rcwsQxCVN1evh0juctTqn9RhqO6esIPrvtUhDjXYAOo9pNdLsnsU3WDfTkiXJBDU6Ve4tdRk0uSw", "name"=>"mayank chandel", "provider"=>"google", "provider_id"=>"102167026507369772181", "token_type"=>"Bearer", "expires_at"=>"1502108636696", "expires_in"=>"3600", "display_name"=>"mayank", "access_token"=>"ya29.GlugBEKmAE5OURng_hsx3hsIdrQNjN1LBLz1c6pwripYUrRGDfJt-Ofgncw8lUmeXC1KwuXpYRLQy6Z68y1ZNH0DzpfA8KU8liuCbg9HAvtcv5jZY4VCjF_Dq06F", "photo_url"=>"https://lh4.googleusercontent.com/-MKY5rYjc8XU/AAAAAAAAAAI/AAAAAAAAAAA/AMp5VUr8JD-QZOZJjh2oFRxyX_3J87PeZQ/s96-c/photo.jpg", "email_to"=>"aishwary.athlete@gmail.com", "body"=>"Hitt this mail", "subject"=>"This is test mail"}}
Unpermitted parameters: :id_token, :provider, :provider_id, :token_type, :expires_at, :expires_in, :display_name, :access_token, :photo_url, :email_to, :mail
  [1m[35m (0.3ms)[0m  [1m[36mbegin transaction[0m
  [1m[35mSQL (1.1ms)[0m  [1m[32mINSERT INTO "users" ("name", "email", "body", "subject", "created_at", "updated_at") VALUES (?, ?, ?, ?, ?, ?)[0m  [["name", "mayank chandel"], ["email", "mayank.chandel@untroddenlabs.com"], ["body", "Hitt this mail"], ["subject", "This is test mail"], ["created_at", "2017-08-08 08:02:59.518632"], ["updated_at", "2017-08-08 08:02:59.518632"]]
  [1m[35m (109.5ms)[0m  [1m[36mcommit transaction[0m
Completed 201 Created in 123ms (Views: 1.8ms | ActiveRecord: 110.9ms)


Started GET "/mail" for 127.0.0.1 at 2017-08-08 13:36:24 +0530
Processing by MailController#index as */*
  [1m[36mUser Load (0.3ms)[0m  [1m[34mSELECT "users".* FROM "users"[0m
Completed 200 OK in 5ms (Views: 4.1ms | ActiveRecord: 0.3ms)


Started POST "/mail" for 112.196.159.155 at 2017-08-08 13:39:27 +0530
Processing by MailController#create as HTML
  Parameters: {"email"=>"aishwary.athlete@gmail.com", "id_token"=>"eyJhbGciOiJSUzI1NiIsImtpZCI6IjNkODU5NTYxODE5YzY3MGM4MzQ5MTk4ZjQxY2UxMjAzN2VhZmJjODYifQ.eyJhenAiOiIxMDU4MzM5MTgwNTgxLWV0MWszdTgxbGw2amk4cTI3YnMzcTc3N3UxZG84dGRjLmFwcHMuZ29vZ2xldXNlcmNvbnRlbnQuY29tIiwiYXVkIjoiMTA1ODMzOTE4MDU4MS1ldDFrM3U4MWxsNmppOHEyN2JzM3E3Nzd1MWRvOHRkYy5hcHBzLmdvb2dsZXVzZXJjb250ZW50LmNvbSIsInN1YiI6IjEwMDIxMTI1MzY2ODU2NjU5Njg5MCIsImVtYWlsIjoiYWlzaHdhcnkuYXRobGV0ZUBnbWFpbC5jb20iLCJlbWFpbF92ZXJpZmllZCI6dHJ1ZSwiYXRfaGFzaCI6IlV0eFZubmpGbndqa0RVbDZsOWE3WkEiLCJpc3MiOiJhY2NvdW50cy5nb29nbGUuY29tIiwiaWF0IjoxNTAyMTc5NzY2LCJleHAiOjE1MDIxODMzNjYsIm5hbWUiOiJhaXNod2FyeSBhZ25paG90cmkiLCJwaWN0dXJlIjoiaHR0cHM6Ly9saDUuZ29vZ2xldXNlcmNvbnRlbnQuY29tLy1Vd2MzV3ZreU12by9BQUFBQUFBQUFBSS9BQUFBQUFBQUFBQS9BTXA1VlVvUWpCYW1OZFJKT0tRVU4zUkJyNk9hLV84NXpBL3M5Ni1jL3Bob3RvLmpwZyIsImdpdmVuX25hbWUiOiJhaXNod2FyeSIsImZhbWlseV9uYW1lIjoiYWduaWhvdHJpIiwibG9jYWxlIjoiZW4ifQ.SomreVl08181Sm9cOSKZeTui8CE1L3Xien1oZEcYjsMx8tdn8JNEOHlmMWMREshJ9yBpk5XdI8PJnNNA6_0aKFpspjdk3pPNyWb-KKsCwoNECwby_AwBgDqy1DYbH_ohRWkuUezVhrSFPD3kxh1VNXobMDSb61P41csXNrkDHYNts75jfaivIP7W7qRPThhGOGLpR6YVvwZL8ibl7KhOOEofC14z9thXkE2racVmNPcC5Le7Yihbu3l-ABPr_sxO33tv1ZGVidJMe79xidbCDTpUWrR9WkDb-DQSNqdMQpRxqz-dYxe647axn9c9JuXaaBPjOmEh7tvQOsRRSa-0Yw", "name"=>"aishwary agnihotri", "provider"=>"google", "provider_id"=>"100211253668566596890", "token_type"=>"Bearer", "expires_at"=>"1502183366945", "expires_in"=>"3600", "display_name"=>"aishwary", "access_token"=>"ya29.GlyhBPRf2d5IkLFwcuM8E-lgVsE8M-7M9EvPKy7-Dl4FNfL2EmT5qoXaQGeINk_aKVdVq5yCoB3AtKPsRfO-oAoT_NWs7YvNI3CZcn1Ee27ATh-xRdR5t45zZn97Eg", "photo_url"=>"https://lh5.googleusercontent.com/-Uwc3WvkyMvo/AAAAAAAAAAI/AAAAAAAAAAA/AMp5VUoQjBamNdRJOKQUN3RBr6Oa-_85zA/s96-c/photo.jpg", "email_to"=>"aishwary.athlete@gmail.com", "body"=>"Hitt this mail", "subject"=>"This is test mail", "mail"=>{"email"=>"aishwary.athlete@gmail.com", "id_token"=>"eyJhbGciOiJSUzI1NiIsImtpZCI6IjNkODU5NTYxODE5YzY3MGM4MzQ5MTk4ZjQxY2UxMjAzN2VhZmJjODYifQ.eyJhenAiOiIxMDU4MzM5MTgwNTgxLWV0MWszdTgxbGw2amk4cTI3YnMzcTc3N3UxZG84dGRjLmFwcHMuZ29vZ2xldXNlcmNvbnRlbnQuY29tIiwiYXVkIjoiMTA1ODMzOTE4MDU4MS1ldDFrM3U4MWxsNmppOHEyN2JzM3E3Nzd1MWRvOHRkYy5hcHBzLmdvb2dsZXVzZXJjb250ZW50LmNvbSIsInN1YiI6IjEwMDIxMTI1MzY2ODU2NjU5Njg5MCIsImVtYWlsIjoiYWlzaHdhcnkuYXRobGV0ZUBnbWFpbC5jb20iLCJlbWFpbF92ZXJpZmllZCI6dHJ1ZSwiYXRfaGFzaCI6IlV0eFZubmpGbndqa0RVbDZsOWE3WkEiLCJpc3MiOiJhY2NvdW50cy5nb29nbGUuY29tIiwiaWF0IjoxNTAyMTc5NzY2LCJleHAiOjE1MDIxODMzNjYsIm5hbWUiOiJhaXNod2FyeSBhZ25paG90cmkiLCJwaWN0dXJlIjoiaHR0cHM6Ly9saDUuZ29vZ2xldXNlcmNvbnRlbnQuY29tLy1Vd2MzV3ZreU12by9BQUFBQUFBQUFBSS9BQUFBQUFBQUFBQS9BTXA1VlVvUWpCYW1OZFJKT0tRVU4zUkJyNk9hLV84NXpBL3M5Ni1jL3Bob3RvLmpwZyIsImdpdmVuX25hbWUiOiJhaXNod2FyeSIsImZhbWlseV9uYW1lIjoiYWduaWhvdHJpIiwibG9jYWxlIjoiZW4ifQ.SomreVl08181Sm9cOSKZeTui8CE1L3Xien1oZEcYjsMx8tdn8JNEOHlmMWMREshJ9yBpk5XdI8PJnNNA6_0aKFpspjdk3pPNyWb-KKsCwoNECwby_AwBgDqy1DYbH_ohRWkuUezVhrSFPD3kxh1VNXobMDSb61P41csXNrkDHYNts75jfaivIP7W7qRPThhGOGLpR6YVvwZL8ibl7KhOOEofC14z9thXkE2racVmNPcC5Le7Yihbu3l-ABPr_sxO33tv1ZGVidJMe79xidbCDTpUWrR9WkDb-DQSNqdMQpRxqz-dYxe647axn9c9JuXaaBPjOmEh7tvQOsRRSa-0Yw", "name"=>"aishwary agnihotri", "provider"=>"google", "provider_id"=>"100211253668566596890", "token_type"=>"Bearer", "expires_at"=>"1502183366945", "expires_in"=>"3600", "display_name"=>"aishwary", "access_token"=>"ya29.GlyhBPRf2d5IkLFwcuM8E-lgVsE8M-7M9EvPKy7-Dl4FNfL2EmT5qoXaQGeINk_aKVdVq5yCoB3AtKPsRfO-oAoT_NWs7YvNI3CZcn1Ee27ATh-xRdR5t45zZn97Eg", "photo_url"=>"https://lh5.googleusercontent.com/-Uwc3WvkyMvo/AAAAAAAAAAI/AAAAAAAAAAA/AMp5VUoQjBamNdRJOKQUN3RBr6Oa-_85zA/s96-c/photo.jpg", "email_to"=>"aishwary.athlete@gmail.com", "body"=>"Hitt this mail", "subject"=>"This is test mail"}}
Unpermitted parameters: :id_token, :provider, :provider_id, :token_type, :expires_at, :expires_in, :display_name, :access_token, :photo_url, :email_to, :mail
  [1m[35m (0.3ms)[0m  [1m[36mbegin transaction[0m
  [1m[35mSQL (1.3ms)[0m  [1m[32mINSERT INTO "users" ("name", "email", "body", "subject", "created_at", "updated_at") VALUES (?, ?, ?, ?, ?, ?)[0m  [["name", "aishwary agnihotri"], ["email", "aishwary.athlete@gmail.com"], ["body", "Hitt this mail"], ["subject", "This is test mail"], ["created_at", "2017-08-08 08:09:27.743873"], ["updated_at", "2017-08-08 08:09:27.743873"]]
  [1m[35m (117.1ms)[0m  [1m[36mcommit transaction[0m
Completed 201 Created in 133ms (Views: 2.4ms | ActiveRecord: 118.8ms)


Started POST "/mail" for 112.196.159.155 at 2017-08-08 13:46:13 +0530
Processing by MailController#create as HTML
  Parameters: {"email"=>"aishwary.athlete@gmail.com", "id_token"=>"eyJhbGciOiJSUzI1NiIsImtpZCI6IjNkODU5NTYxODE5YzY3MGM4MzQ5MTk4ZjQxY2UxMjAzN2VhZmJjODYifQ.eyJhenAiOiIxMDU4MzM5MTgwNTgxLWV0MWszdTgxbGw2amk4cTI3YnMzcTc3N3UxZG84dGRjLmFwcHMuZ29vZ2xldXNlcmNvbnRlbnQuY29tIiwiYXVkIjoiMTA1ODMzOTE4MDU4MS1ldDFrM3U4MWxsNmppOHEyN2JzM3E3Nzd1MWRvOHRkYy5hcHBzLmdvb2dsZXVzZXJjb250ZW50LmNvbSIsInN1YiI6IjEwMDIxMTI1MzY2ODU2NjU5Njg5MCIsImVtYWlsIjoiYWlzaHdhcnkuYXRobGV0ZUBnbWFpbC5jb20iLCJlbWFpbF92ZXJpZmllZCI6dHJ1ZSwiYXRfaGFzaCI6IlV0eFZubmpGbndqa0RVbDZsOWE3WkEiLCJpc3MiOiJhY2NvdW50cy5nb29nbGUuY29tIiwiaWF0IjoxNTAyMTc5NzY2LCJleHAiOjE1MDIxODMzNjYsIm5hbWUiOiJhaXNod2FyeSBhZ25paG90cmkiLCJwaWN0dXJlIjoiaHR0cHM6Ly9saDUuZ29vZ2xldXNlcmNvbnRlbnQuY29tLy1Vd2MzV3ZreU12by9BQUFBQUFBQUFBSS9BQUFBQUFBQUFBQS9BTXA1VlVvUWpCYW1OZFJKT0tRVU4zUkJyNk9hLV84NXpBL3M5Ni1jL3Bob3RvLmpwZyIsImdpdmVuX25hbWUiOiJhaXNod2FyeSIsImZhbWlseV9uYW1lIjoiYWduaWhvdHJpIiwibG9jYWxlIjoiZW4ifQ.SomreVl08181Sm9cOSKZeTui8CE1L3Xien1oZEcYjsMx8tdn8JNEOHlmMWMREshJ9yBpk5XdI8PJnNNA6_0aKFpspjdk3pPNyWb-KKsCwoNECwby_AwBgDqy1DYbH_ohRWkuUezVhrSFPD3kxh1VNXobMDSb61P41csXNrkDHYNts75jfaivIP7W7qRPThhGOGLpR6YVvwZL8ibl7KhOOEofC14z9thXkE2racVmNPcC5Le7Yihbu3l-ABPr_sxO33tv1ZGVidJMe79xidbCDTpUWrR9WkDb-DQSNqdMQpRxqz-dYxe647axn9c9JuXaaBPjOmEh7tvQOsRRSa-0Yw", "name"=>"aishwary agnihotri", "provider"=>"google", "uid"=>"100211253668566596890", "token_type"=>"Bearer", "oauth_expires_at"=>"1502183366945", "expires_in"=>"3600", "display_name"=>"aishwary", "oauth_token"=>"ya29.GlyhBPRf2d5IkLFwcuM8E-lgVsE8M-7M9EvPKy7-Dl4FNfL2EmT5qoXaQGeINk_aKVdVq5yCoB3AtKPsRfO-oAoT_NWs7YvNI3CZcn1Ee27ATh-xRdR5t45zZn97Eg", "photo_url"=>"https://lh5.googleusercontent.com/-Uwc3WvkyMvo/AAAAAAAAAAI/AAAAAAAAAAA/AMp5VUoQjBamNdRJOKQUN3RBr6Oa-_85zA/s96-c/photo.jpg", "email_to"=>"aishwary.athlete@gmail.com", "body"=>"Hitt this mail", "subject"=>"This is test mail", "mail"=>{"email"=>"aishwary.athlete@gmail.com", "id_token"=>"eyJhbGciOiJSUzI1NiIsImtpZCI6IjNkODU5NTYxODE5YzY3MGM4MzQ5MTk4ZjQxY2UxMjAzN2VhZmJjODYifQ.eyJhenAiOiIxMDU4MzM5MTgwNTgxLWV0MWszdTgxbGw2amk4cTI3YnMzcTc3N3UxZG84dGRjLmFwcHMuZ29vZ2xldXNlcmNvbnRlbnQuY29tIiwiYXVkIjoiMTA1ODMzOTE4MDU4MS1ldDFrM3U4MWxsNmppOHEyN2JzM3E3Nzd1MWRvOHRkYy5hcHBzLmdvb2dsZXVzZXJjb250ZW50LmNvbSIsInN1YiI6IjEwMDIxMTI1MzY2ODU2NjU5Njg5MCIsImVtYWlsIjoiYWlzaHdhcnkuYXRobGV0ZUBnbWFpbC5jb20iLCJlbWFpbF92ZXJpZmllZCI6dHJ1ZSwiYXRfaGFzaCI6IlV0eFZubmpGbndqa0RVbDZsOWE3WkEiLCJpc3MiOiJhY2NvdW50cy5nb29nbGUuY29tIiwiaWF0IjoxNTAyMTc5NzY2LCJleHAiOjE1MDIxODMzNjYsIm5hbWUiOiJhaXNod2FyeSBhZ25paG90cmkiLCJwaWN0dXJlIjoiaHR0cHM6Ly9saDUuZ29vZ2xldXNlcmNvbnRlbnQuY29tLy1Vd2MzV3ZreU12by9BQUFBQUFBQUFBSS9BQUFBQUFBQUFBQS9BTXA1VlVvUWpCYW1OZFJKT0tRVU4zUkJyNk9hLV84NXpBL3M5Ni1jL3Bob3RvLmpwZyIsImdpdmVuX25hbWUiOiJhaXNod2FyeSIsImZhbWlseV9uYW1lIjoiYWduaWhvdHJpIiwibG9jYWxlIjoiZW4ifQ.SomreVl08181Sm9cOSKZeTui8CE1L3Xien1oZEcYjsMx8tdn8JNEOHlmMWMREshJ9yBpk5XdI8PJnNNA6_0aKFpspjdk3pPNyWb-KKsCwoNECwby_AwBgDqy1DYbH_ohRWkuUezVhrSFPD3kxh1VNXobMDSb61P41csXNrkDHYNts75jfaivIP7W7qRPThhGOGLpR6YVvwZL8ibl7KhOOEofC14z9thXkE2racVmNPcC5Le7Yihbu3l-ABPr_sxO33tv1ZGVidJMe79xidbCDTpUWrR9WkDb-DQSNqdMQpRxqz-dYxe647axn9c9JuXaaBPjOmEh7tvQOsRRSa-0Yw", "name"=>"aishwary agnihotri", "provider"=>"google", "uid"=>"100211253668566596890", "token_type"=>"Bearer", "oauth_expires_at"=>"1502183366945", "expires_in"=>"3600", "display_name"=>"aishwary", "oauth_token"=>"ya29.GlyhBPRf2d5IkLFwcuM8E-lgVsE8M-7M9EvPKy7-Dl4FNfL2EmT5qoXaQGeINk_aKVdVq5yCoB3AtKPsRfO-oAoT_NWs7YvNI3CZcn1Ee27ATh-xRdR5t45zZn97Eg", "photo_url"=>"https://lh5.googleusercontent.com/-Uwc3WvkyMvo/AAAAAAAAAAI/AAAAAAAAAAA/AMp5VUoQjBamNdRJOKQUN3RBr6Oa-_85zA/s96-c/photo.jpg", "email_to"=>"aishwary.athlete@gmail.com", "body"=>"Hitt this mail", "subject"=>"This is test mail"}}
Unpermitted parameters: :id_token, :provider, :token_type, :expires_in, :display_name, :photo_url, :email_to, :mail
  [1m[35m (0.1ms)[0m  [1m[36mbegin transaction[0m
  [1m[35mSQL (0.3ms)[0m  [1m[32mINSERT INTO "users" ("uid", "name", "email", "oauth_token", "body", "subject", "created_at", "updated_at") VALUES (?, ?, ?, ?, ?, ?, ?, ?)[0m  [["uid", "100211253668566596890"], ["name", "aishwary agnihotri"], ["email", "aishwary.athlete@gmail.com"], ["oauth_token", "ya29.GlyhBPRf2d5IkLFwcuM8E-lgVsE8M-7M9EvPKy7-Dl4FNfL2EmT5qoXaQGeINk_aKVdVq5yCoB3AtKPsRfO-oAoT_NWs7YvNI3CZcn1Ee27ATh-xRdR5t45zZn97Eg"], ["body", "Hitt this mail"], ["subject", "This is test mail"], ["created_at", "2017-08-08 08:16:13.325858"], ["updated_at", "2017-08-08 08:16:13.325858"]]
  [1m[35m (143.1ms)[0m  [1m[36mcommit transaction[0m
Completed 201 Created in 150ms (Views: 2.3ms | ActiveRecord: 143.5ms)


Started GET "/mail" for 127.0.0.1 at 2017-08-08 13:46:19 +0530
Processing by MailController#index as */*
  [1m[36mUser Load (0.3ms)[0m  [1m[34mSELECT "users".* FROM "users"[0m
Completed 200 OK in 4ms (Views: 3.4ms | ActiveRecord: 0.3ms)


Started POST "/mail" for 112.196.159.155 at 2017-08-08 13:52:19 +0530
Processing by MailController#create as HTML
  Parameters: {"email"=>"aishwary.athlete@gmail.com", "id_token"=>"eyJhbGciOiJSUzI1NiIsImtpZCI6IjNkODU5NTYxODE5YzY3MGM4MzQ5MTk4ZjQxY2UxMjAzN2VhZmJjODYifQ.eyJhenAiOiIxMDU4MzM5MTgwNTgxLWV0MWszdTgxbGw2amk4cTI3YnMzcTc3N3UxZG84dGRjLmFwcHMuZ29vZ2xldXNlcmNvbnRlbnQuY29tIiwiYXVkIjoiMTA1ODMzOTE4MDU4MS1ldDFrM3U4MWxsNmppOHEyN2JzM3E3Nzd1MWRvOHRkYy5hcHBzLmdvb2dsZXVzZXJjb250ZW50LmNvbSIsInN1YiI6IjEwMDIxMTI1MzY2ODU2NjU5Njg5MCIsImVtYWlsIjoiYWlzaHdhcnkuYXRobGV0ZUBnbWFpbC5jb20iLCJlbWFpbF92ZXJpZmllZCI6dHJ1ZSwiYXRfaGFzaCI6IlV0eFZubmpGbndqa0RVbDZsOWE3WkEiLCJpc3MiOiJhY2NvdW50cy5nb29nbGUuY29tIiwiaWF0IjoxNTAyMTc5NzY2LCJleHAiOjE1MDIxODMzNjYsIm5hbWUiOiJhaXNod2FyeSBhZ25paG90cmkiLCJwaWN0dXJlIjoiaHR0cHM6Ly9saDUuZ29vZ2xldXNlcmNvbnRlbnQuY29tLy1Vd2MzV3ZreU12by9BQUFBQUFBQUFBSS9BQUFBQUFBQUFBQS9BTXA1VlVvUWpCYW1OZFJKT0tRVU4zUkJyNk9hLV84NXpBL3M5Ni1jL3Bob3RvLmpwZyIsImdpdmVuX25hbWUiOiJhaXNod2FyeSIsImZhbWlseV9uYW1lIjoiYWduaWhvdHJpIiwibG9jYWxlIjoiZW4ifQ.SomreVl08181Sm9cOSKZeTui8CE1L3Xien1oZEcYjsMx8tdn8JNEOHlmMWMREshJ9yBpk5XdI8PJnNNA6_0aKFpspjdk3pPNyWb-KKsCwoNECwby_AwBgDqy1DYbH_ohRWkuUezVhrSFPD3kxh1VNXobMDSb61P41csXNrkDHYNts75jfaivIP7W7qRPThhGOGLpR6YVvwZL8ibl7KhOOEofC14z9thXkE2racVmNPcC5Le7Yihbu3l-ABPr_sxO33tv1ZGVidJMe79xidbCDTpUWrR9WkDb-DQSNqdMQpRxqz-dYxe647axn9c9JuXaaBPjOmEh7tvQOsRRSa-0Yw", "name"=>"aishwary agnihotri", "provider"=>"google", "uid"=>"100211253668566596890", "token_type"=>"Bearer", "oauth_expires_at"=>"1502183366945", "expires_in"=>"3600", "display_name"=>"aishwary", "oauth_token"=>"ya29.GlyhBPRf2d5IkLFwcuM8E-lgVsE8M-7M9EvPKy7-Dl4FNfL2EmT5qoXaQGeINk_aKVdVq5yCoB3AtKPsRfO-oAoT_NWs7YvNI3CZcn1Ee27ATh-xRdR5t45zZn97Eg", "photo_url"=>"https://lh5.googleusercontent.com/-Uwc3WvkyMvo/AAAAAAAAAAI/AAAAAAAAAAA/AMp5VUoQjBamNdRJOKQUN3RBr6Oa-_85zA/s96-c/photo.jpg", "email_to"=>"aishwary.athlete@gmail.com", "body"=>"Hitt this mail", "subject"=>"This is test mail", "mail"=>{"email"=>"aishwary.athlete@gmail.com", "id_token"=>"eyJhbGciOiJSUzI1NiIsImtpZCI6IjNkODU5NTYxODE5YzY3MGM4MzQ5MTk4ZjQxY2UxMjAzN2VhZmJjODYifQ.eyJhenAiOiIxMDU4MzM5MTgwNTgxLWV0MWszdTgxbGw2amk4cTI3YnMzcTc3N3UxZG84dGRjLmFwcHMuZ29vZ2xldXNlcmNvbnRlbnQuY29tIiwiYXVkIjoiMTA1ODMzOTE4MDU4MS1ldDFrM3U4MWxsNmppOHEyN2JzM3E3Nzd1MWRvOHRkYy5hcHBzLmdvb2dsZXVzZXJjb250ZW50LmNvbSIsInN1YiI6IjEwMDIxMTI1MzY2ODU2NjU5Njg5MCIsImVtYWlsIjoiYWlzaHdhcnkuYXRobGV0ZUBnbWFpbC5jb20iLCJlbWFpbF92ZXJpZmllZCI6dHJ1ZSwiYXRfaGFzaCI6IlV0eFZubmpGbndqa0RVbDZsOWE3WkEiLCJpc3MiOiJhY2NvdW50cy5nb29nbGUuY29tIiwiaWF0IjoxNTAyMTc5NzY2LCJleHAiOjE1MDIxODMzNjYsIm5hbWUiOiJhaXNod2FyeSBhZ25paG90cmkiLCJwaWN0dXJlIjoiaHR0cHM6Ly9saDUuZ29vZ2xldXNlcmNvbnRlbnQuY29tLy1Vd2MzV3ZreU12by9BQUFBQUFBQUFBSS9BQUFBQUFBQUFBQS9BTXA1VlVvUWpCYW1OZFJKT0tRVU4zUkJyNk9hLV84NXpBL3M5Ni1jL3Bob3RvLmpwZyIsImdpdmVuX25hbWUiOiJhaXNod2FyeSIsImZhbWlseV9uYW1lIjoiYWduaWhvdHJpIiwibG9jYWxlIjoiZW4ifQ.SomreVl08181Sm9cOSKZeTui8CE1L3Xien1oZEcYjsMx8tdn8JNEOHlmMWMREshJ9yBpk5XdI8PJnNNA6_0aKFpspjdk3pPNyWb-KKsCwoNECwby_AwBgDqy1DYbH_ohRWkuUezVhrSFPD3kxh1VNXobMDSb61P41csXNrkDHYNts75jfaivIP7W7qRPThhGOGLpR6YVvwZL8ibl7KhOOEofC14z9thXkE2racVmNPcC5Le7Yihbu3l-ABPr_sxO33tv1ZGVidJMe79xidbCDTpUWrR9WkDb-DQSNqdMQpRxqz-dYxe647axn9c9JuXaaBPjOmEh7tvQOsRRSa-0Yw", "name"=>"aishwary agnihotri", "provider"=>"google", "uid"=>"100211253668566596890", "token_type"=>"Bearer", "oauth_expires_at"=>"1502183366945", "expires_in"=>"3600", "display_name"=>"aishwary", "oauth_token"=>"ya29.GlyhBPRf2d5IkLFwcuM8E-lgVsE8M-7M9EvPKy7-Dl4FNfL2EmT5qoXaQGeINk_aKVdVq5yCoB3AtKPsRfO-oAoT_NWs7YvNI3CZcn1Ee27ATh-xRdR5t45zZn97Eg", "photo_url"=>"https://lh5.googleusercontent.com/-Uwc3WvkyMvo/AAAAAAAAAAI/AAAAAAAAAAA/AMp5VUoQjBamNdRJOKQUN3RBr6Oa-_85zA/s96-c/photo.jpg", "email_to"=>"aishwary.athlete@gmail.com", "body"=>"Hitt this mail", "subject"=>"This is test mail"}}
Unpermitted parameters: :id_token, :provider, :token_type, :expires_in, :display_name, :photo_url, :email_to, :mail
  [1m[35m (0.3ms)[0m  [1m[36mbegin transaction[0m
  [1m[35mSQL (0.9ms)[0m  [1m[32mINSERT INTO "users" ("uid", "name", "email", "oauth_token", "body", "subject", "created_at", "updated_at") VALUES (?, ?, ?, ?, ?, ?, ?, ?)[0m  [["uid", "100211253668566596890"], ["name", "aishwary agnihotri"], ["email", "aishwary.athlete@gmail.com"], ["oauth_token", "ya29.GlyhBPRf2d5IkLFwcuM8E-lgVsE8M-7M9EvPKy7-Dl4FNfL2EmT5qoXaQGeINk_aKVdVq5yCoB3AtKPsRfO-oAoT_NWs7YvNI3CZcn1Ee27ATh-xRdR5t45zZn97Eg"], ["body", "Hitt this mail"], ["subject", "This is test mail"], ["created_at", "2017-08-08 08:22:19.532267"], ["updated_at", "2017-08-08 08:22:19.532267"]]
  [1m[35m (117.8ms)[0m  [1m[36mcommit transaction[0m
Completed 201 Created in 132ms (Views: 1.7ms | ActiveRecord: 119.0ms)


Started GET "/mail" for 127.0.0.1 at 2017-08-08 13:52:24 +0530
Processing by MailController#index as */*
  [1m[36mUser Load (0.3ms)[0m  [1m[34mSELECT "users".* FROM "users"[0m
Completed 200 OK in 4ms (Views: 3.2ms | ActiveRecord: 0.3ms)


Started GET "/mail" for 127.0.0.1 at 2017-08-08 13:55:05 +0530
Processing by MailController#index as */*
  [1m[36mUser Load (0.3ms)[0m  [1m[34mSELECT "users".* FROM "users"[0m
Completed 200 OK in 4ms (Views: 3.8ms | ActiveRecord: 0.3ms)


Started POST "/mail" for 127.0.0.1 at 2017-08-08 14:02:14 +0530
Processing by MailController#create as */*
  Parameters: {"email"=>"aishwary.athlete@gmail.com", "refresh_token"=>"2323", "oauth_token"=>"ya29.GluVBKRN8lEDTtB35h7ZlWzOsiTNyA62xFJeDiBjWVlRHKEHDDaOn4cisnwxLqaU0HgJqdwE9yYmZ5YhsQ_3Zg4C33L_cTG9MmN9H-W-STz91z_OWYl_ZolsKRoX", "to"=>"aishwary.athlete@gmail.com", "body"=>"fsdnfd", "oauth_expired_at"=>"3600", "subject"=>"dff e3e", "uid"=>"55521", "name"=>"sdffdffd"}
Unpermitted parameter: :oauth_expired_at
  [1m[35m (0.1ms)[0m  [1m[36mbegin transaction[0m
  [1m[35mSQL (0.3ms)[0m  [1m[32mINSERT INTO "users" ("uid", "name", "email", "refresh_token", "oauth_token", "to", "body", "subject", "created_at", "updated_at") VALUES (?, ?, ?, ?, ?, ?, ?, ?, ?, ?)[0m  [["uid", "55521"], ["name", "sdffdffd"], ["email", "aishwary.athlete@gmail.com"], ["refresh_token", "2323"], ["oauth_token", "ya29.GluVBKRN8lEDTtB35h7ZlWzOsiTNyA62xFJeDiBjWVlRHKEHDDaOn4cisnwxLqaU0HgJqdwE9yYmZ5YhsQ_3Zg4C33L_cTG9MmN9H-W-STz91z_OWYl_ZolsKRoX"], ["to", "aishwary.athlete@gmail.com"], ["body", "fsdnfd"], ["subject", "dff e3e"], ["created_at", "2017-08-08 08:32:15.002590"], ["updated_at", "2017-08-08 08:32:15.002590"]]
  [1m[35m (83.4ms)[0m  [1m[36mcommit transaction[0m
Completed 201 Created in 87ms (Views: 0.7ms | ActiveRecord: 83.8ms)


Started POST "/mail" for 127.0.0.1 at 2017-08-08 14:02:41 +0530
Processing by MailController#create as */*
  Parameters: {"email"=>"aishwary.athlete@gmail.com", "refresh_token"=>"2323", "oauth_token"=>"ya29.GluVBKRN8lEDTtB35h7ZlWzOsiTNyA62xFJeDiBjWVlRHKEHDDaOn4cisnwxLqaU0HgJqdwE9yYmZ5YhsQ_3Zg4C33L_cTG9MmN9H-W-STz91z_OWYl_ZolsKRoX", "to"=>"aishwary.athlete@gmail.com", "body"=>"fsdnfd", "oauth_expired_at"=>"2017-08-08T08:32:15.002Z", "subject"=>"dff e3e", "uid"=>"55521", "name"=>"sdffdffd"}
Unpermitted parameter: :oauth_expired_at
  [1m[35m (0.1ms)[0m  [1m[36mbegin transaction[0m
  [1m[35mSQL (0.3ms)[0m  [1m[32mINSERT INTO "users" ("uid", "name", "email", "refresh_token", "oauth_token", "to", "body", "subject", "created_at", "updated_at") VALUES (?, ?, ?, ?, ?, ?, ?, ?, ?, ?)[0m  [["uid", "55521"], ["name", "sdffdffd"], ["email", "aishwary.athlete@gmail.com"], ["refresh_token", "2323"], ["oauth_token", "ya29.GluVBKRN8lEDTtB35h7ZlWzOsiTNyA62xFJeDiBjWVlRHKEHDDaOn4cisnwxLqaU0HgJqdwE9yYmZ5YhsQ_3Zg4C33L_cTG9MmN9H-W-STz91z_OWYl_ZolsKRoX"], ["to", "aishwary.athlete@gmail.com"], ["body", "fsdnfd"], ["subject", "dff e3e"], ["created_at", "2017-08-08 08:32:41.295939"], ["updated_at", "2017-08-08 08:32:41.295939"]]
  [1m[35m (125.8ms)[0m  [1m[36mcommit transaction[0m
Completed 201 Created in 130ms (Views: 0.7ms | ActiveRecord: 126.2ms)


  [1m[35m (0.2ms)[0m  [1m[34mSELECT "schema_migrations"."version" FROM "schema_migrations" ORDER BY "schema_migrations"."version" ASC[0m
  [1m[35m (0.1ms)[0m  [1m[34mSELECT "ar_internal_metadata"."value" FROM "ar_internal_metadata" WHERE "ar_internal_metadata"."key" = ?[0m  [["key", "environment"]]
  [1m[35m (0.1ms)[0m  [1m[34mSELECT "schema_migrations"."version" FROM "schema_migrations" ORDER BY "schema_migrations"."version" ASC[0m
  [1m[35m (0.1ms)[0m  [1m[34mSELECT "ar_internal_metadata"."value" FROM "ar_internal_metadata" WHERE "ar_internal_metadata"."key" = ?[0m  [["key", "environment"]]
  [1m[35m (0.1ms)[0m  [1m[34mSELECT "schema_migrations"."version" FROM "schema_migrations" ORDER BY "schema_migrations"."version" ASC[0m
  [1m[35m (0.1ms)[0m  [1m[34mSELECT "ar_internal_metadata"."value" FROM "ar_internal_metadata" WHERE "ar_internal_metadata"."key" = ?[0m  [["key", "environment"]]
  [1m[35m (0.1ms)[0m  [1m[34mSELECT sqlite_version(*)[0m
  [1m[35m (111.3ms)[0m  [1m[35mCREATE TABLE "schema_migrations" ("version" varchar NOT NULL PRIMARY KEY)[0m
  [1m[35m (151.1ms)[0m  [1m[35mCREATE TABLE "ar_internal_metadata" ("key" varchar NOT NULL PRIMARY KEY, "value" varchar, "created_at" datetime NOT NULL, "updated_at" datetime NOT NULL)[0m
  [1m[35m (0.4ms)[0m  [1m[34mSELECT "schema_migrations"."version" FROM "schema_migrations" ORDER BY "schema_migrations"."version" ASC[0m
Migrating to CreateUsers (20170724160213)
  [1m[35m (0.2ms)[0m  [1m[36mbegin transaction[0m
  [1m[35m (1.1ms)[0m  [1m[35mCREATE TABLE "users" ("id" INTEGER PRIMARY KEY AUTOINCREMENT NOT NULL, "uid" varchar, "name" varchar, "email" varchar, "refresh_token" varchar, "oauth_token" varchar, "to" varchar, "body" varchar, "subject" varchar, "oauth_expires_at" varchar, "created_at" datetime NOT NULL, "updated_at" datetime NOT NULL)[0m
  [1m[35mSQL (0.5ms)[0m  [1m[32mINSERT INTO "schema_migrations" ("version") VALUES (?)[0m  [["version", "20170724160213"]]
  [1m[35m (139.5ms)[0m  [1m[36mcommit transaction[0m
  [1m[36mActiveRecord::InternalMetadata Load (0.4ms)[0m  [1m[34mSELECT  "ar_internal_metadata".* FROM "ar_internal_metadata" WHERE "ar_internal_metadata"."key" = ? LIMIT ?[0m  [["key", "environment"], ["LIMIT", 1]]
  [1m[35m (0.2ms)[0m  [1m[36mbegin transaction[0m
  [1m[35mSQL (0.5ms)[0m  [1m[32mINSERT INTO "ar_internal_metadata" ("key", "value", "created_at", "updated_at") VALUES (?, ?, ?, ?)[0m  [["key", "environment"], ["value", "development"], ["created_at", "2017-08-08 08:35:10.607495"], ["updated_at", "2017-08-08 08:35:10.607495"]]
  [1m[35m (118.1ms)[0m  [1m[36mcommit transaction[0m
  [1m[35m (0.4ms)[0m  [1m[34mSELECT "schema_migrations"."version" FROM "schema_migrations" ORDER BY "schema_migrations"."version" ASC[0m
